[21 oct 2025 19:50:41] DEBUG Executing SQL script
[21 oct 2025 19:50:41] INFO ================================================================================
[21 oct 2025 19:50:41] INFO onError= 'stop'
[21 oct 2025 19:50:41] INFO autoCommit= 'false'
[21 oct 2025 19:50:41] INFO username= 'postgres'
[21 oct 2025 19:50:41] INFO outputPath= 'C:\Users\Jferg\Desktop\WebRatio\SportBooking\.Temp~\UpdateSQL.xml'
[21 oct 2025 19:50:41] INFO outputLogPath= 'C:\Users\Jferg\Desktop\WebRatio\SportBooking\.Temp~\UpdateSQL.xml.log'
[21 oct 2025 19:50:41] INFO encoding= ''
[21 oct 2025 19:50:41] INFO driverClass= 'org.postgresql.Driver'
[21 oct 2025 19:50:41] INFO sqlScript= 'C:\Users\Jferg\Desktop\WebRatio\SportBooking\.Temp~\UpdateSQL.sql'
[21 oct 2025 19:50:41] INFO eventSocketPort= '63037'
[21 oct 2025 19:50:41] INFO statementSeparator= ';'
[21 oct 2025 19:50:41] INFO derby.system.home= 'C:\Users\Jferg\Desktop\WebRatio\.metadata\.plugins\com.webratio.commons.db\derby'
[21 oct 2025 19:50:41] INFO password= 'Jess89'
[21 oct 2025 19:50:41] INFO url= 'jdbc:postgresql://localhost:5432/SportBooking'
[21 oct 2025 19:50:41] INFO ================================================================================
[21 oct 2025 19:50:41] INFO Connecting to the Database...
[21 oct 2025 19:50:41] INFO Database connection estabilished
[21 oct 2025 19:50:41] INFO transaction isolation: 2
[21 oct 2025 19:50:41] DEBUG ================================================================================
[21 oct 2025 19:50:41] DEBUG Executing SQL script file: C:\Users\Jferg\Desktop\WebRatio\SportBooking\.Temp~\UpdateSQL.sql
[21 oct 2025 19:50:41] DEBUG Executing statement:  create table "public"."group" ( "id"  int4  not null, "groupname"  varchar(255), primary key ("id") )
[21 oct 2025 19:50:42] DEBUG Executing statement:    create table "public"."module" ( "id"  int4  not null, "moduleid"  varchar(255), "modulename"  varchar(255), primary key ("id") )
[21 oct 2025 19:50:42] DEBUG Executing statement:    create table "public"."user" ( "id"  int4  not null, "username"  varchar(255), "password"  varchar(255), "email"  varchar(255), primary key ("id") )
[21 oct 2025 19:50:42] DEBUG Executing statement:    alter table "public"."group"  add column  "module_id"  int4
[21 oct 2025 19:50:42] DEBUG Executing statement:  alter table "public"."group"   add constraint fk_group_module foreign key ("module_id") references "public"."module" ("id")
[21 oct 2025 19:50:42] DEBUG Executing statement:    create table "public"."group_module" ( "group_id"  int4 not null, "module_id"  int4 not null, primary key ("group_id", "module_id") )
[21 oct 2025 19:50:42] DEBUG Executing statement:  alter table "public"."group_module"   add constraint fk_group_module_group foreign key ("group_id") references "public"."group" ("id")
[21 oct 2025 19:50:42] DEBUG Executing statement:  alter table "public"."group_module"   add constraint fk_group_module_module foreign key ("module_id") references "public"."module" ("id")
[21 oct 2025 19:50:42] DEBUG Executing statement:    alter table "public"."user"  add column  "group_id"  int4
[21 oct 2025 19:50:42] DEBUG Executing statement:  alter table "public"."user"   add constraint fk_user_group foreign key ("group_id") references "public"."group" ("id")
[21 oct 2025 19:50:42] DEBUG Executing statement:    create table "public"."user_group" ( "user_id"  int4 not null, "group_id"  int4 not null, primary key ("user_id", "group_id") )
[21 oct 2025 19:50:42] DEBUG Executing statement:  alter table "public"."user_group"   add constraint fk_user_group_user foreign key ("user_id") references "public"."user" ("id")
[21 oct 2025 19:50:42] DEBUG Executing statement:  alter table "public"."user_group"   add constraint fk_user_group_group foreign key ("group_id") references "public"."group" ("id")
[21 oct 2025 19:50:42] DEBUG ================================================================================
[21 oct 2025 19:50:42] DEBUG SQL SCRIPT SUCCESSFULLY EXECUTED
[21 oct 2025 19:50:42] INFO Database connection closed
[21 oct 2025 19:50:42] DEBUG Total time: 121 milliseconds
